<?xml version="1.0" encoding="UTF-8"?>
<!-- Generated by org.testng.reporters.JUnitReportReporter -->
<testsuite skipped="0" hostname="DESKTOP-TAOJJEB" name="Script.LoginPageTest" tests="2" failures="0" timestamp="03 Apr 2019 08:27:02 GMT" time="28.059" errors="0">
  <testcase name="signUp" time="10.931" classname="Script.LoginPageTest"/>
  <testcase name="loginApp" time="17.128" classname="Script.LoginPageTest"/>
</testsuite> <!-- Script.LoginPageTest -->
