<?xml version="1.0" encoding="UTF-8"?>
<!-- Generated by org.testng.reporters.JUnitReportReporter -->
<testsuite skipped="0" hostname="DESKTOP-TAOJJEB" name="Script.HomePageTest" tests="4" failures="0" timestamp="03 Apr 2019 10:31:06 GMT" time="66.755" errors="0">
  <testcase name="userNameVerify" time="14.760" classname="Script.HomePageTest"/>
  <testcase name="select" time="17.572" classname="Script.HomePageTest"/>
  <testcase name="clickContacts" time="16.374" classname="Script.HomePageTest"/>
  <testcase name="clickOnNewContact" time="18.049" classname="Script.HomePageTest"/>
</testsuite> <!-- Script.HomePageTest -->
